<?xml version="1.0" encoding="UTF-8"?>
<testsuite name="com.ssafy.enjoyTrip.travel.TestTravel" tests="1" skipped="0" failures="0" errors="0" timestamp="2024-05-16T14:48:41" hostname="GYEONG" time="2.459">
  <properties/>
  <testcase name="travelDao 시도코드,구군코드, 컨텐츠타입으로 관광지 조회" classname="com.ssafy.enjoyTrip.travel.TestTravel" time="2.459"/>
  <system-out><![CDATA[23:48:32.304 [Test worker] INFO org.springframework.test.context.support.AnnotationConfigContextLoaderUtils -- Could not detect default configuration classes for test class [com.ssafy.enjoyTrip.travel.TestTravel]: TestTravel does not declare any static, non-private, non-final, nested classes annotated with @Configuration.
23:48:32.733 [Test worker] INFO org.springframework.boot.test.context.SpringBootTestContextBootstrapper -- Found @SpringBootConfiguration com.ssafy.enjoyTrip.EnjoyTripApplication for test class com.ssafy.enjoyTrip.travel.TestTravel

  .   ____          _            __ _ _
 /\\ / ___'_ __ _ _(_)_ __  __ _ \ \ \ \
( ( )\___ | '_ | '_| | '_ \/ _` | \ \ \ \
 \\/  ___)| |_)| | | | | || (_| |  ) ) ) )
  '  |____| .__|_| |_|_| |_\__, | / / / /
 =========|_|==============|___/=/_/_/_/
 :: Spring Boot ::                (v3.2.5)

2024-05-16T23:48:33.535+09:00  INFO 27384 --- [EnjoyTrip] [    Test worker] com.ssafy.enjoyTrip.travel.TestTravel    : Starting TestTravel using Java 17.0.9 with PID 27384 (started by 김주환 in C:\SSAFY\ssafy-final-project\enjoy-trip-back)
2024-05-16T23:48:33.539+09:00  INFO 27384 --- [EnjoyTrip] [    Test worker] com.ssafy.enjoyTrip.travel.TestTravel    : No active profile set, falling back to 1 default profile: "default"
2024-05-16T23:48:41.607+09:00  INFO 27384 --- [EnjoyTrip] [    Test worker] com.ssafy.enjoyTrip.travel.TestTravel    : Started TestTravel in 8.573 seconds (process running for 11.808)
2024-05-16T23:48:43.348+09:00  INFO 27384 --- [EnjoyTrip] [    Test worker] com.zaxxer.hikari.HikariDataSource       : HikariPool-1 - Starting...
2024-05-16T23:48:43.945+09:00  INFO 27384 --- [EnjoyTrip] [    Test worker] com.zaxxer.hikari.pool.HikariPool        : HikariPool-1 - Added connection com.mysql.cj.jdbc.ConnectionImpl@50a1af86
2024-05-16T23:48:43.948+09:00  INFO 27384 --- [EnjoyTrip] [    Test worker] com.zaxxer.hikari.HikariDataSource       : HikariPool-1 - Start completed.
65
]]></system-out>
  <system-err><![CDATA[]]></system-err>
</testsuite>
